<?xml version="1.0" encoding="UTF-8"?>
<!-- Generated by org.testng.reporters.JUnitReportReporter -->
<testsuite hostname="DESKTOP-6C0L59N" failures="0" tests="2" name="module.launchapplication" time="4.823" errors="0" timestamp="8 Jan 2024 03:55:10 GMT">
  <testcase classname="module.launchapplication" name="TC1" time="4.818"/>
  <testcase classname="module.launchapplication" name="TC2" time="0.005"/>
</testsuite> <!-- module.launchapplication -->
