<?xml version="1.0" encoding="UTF-8"?>
<!-- Generated by org.testng.reporters.JUnitReportReporter -->
<testsuite hostname="DESKTOP-6C0L59N" failures="0" tests="2" name="module.launchapplication" time="5.979" errors="0" timestamp="8 Jan 2024 03:14:46 GMT">
  <testcase classname="module.launchapplication" name="TC2" time="0.006"/>
  <testcase classname="module.launchapplication" name="TC1" time="5.973"/>
</testsuite> <!-- module.launchapplication -->
