<?xml version="1.0" encoding="UTF-8"?>
<!-- Generated by org.testng.reporters.JUnitReportReporter -->
<testsuite hostname="DESKTOP-6C0L59N" failures="0" tests="1" name="module.LaunchApplication" time="13.266" errors="0" timestamp="30 Mar 2023 04:39:36 GMT">
  <testcase classname="module.LaunchApplication" name="TC1" time="13.266"/>
</testsuite> <!-- module.LaunchApplication -->
