<?xml version="1.0" encoding="UTF-8"?>
<!-- Generated by org.testng.reporters.JUnitReportReporter -->
<testsuite hostname="DESKTOP-6C0L59N" failures="0" tests="2" name="module.launchapplication" time="7.588" errors="0" timestamp="12 Jul 2023 04:31:05 GMT">
  <testcase classname="module.launchapplication" name="TC1" time="7.583"/>
  <testcase classname="module.launchapplication" name="TC2" time="0.005"/>
</testsuite> <!-- module.launchapplication -->
