<?xml version="1.0" encoding="UTF-8"?>
<!-- Generated by org.testng.reporters.JUnitReportReporter -->
<testsuite hostname="DESKTOP-6C0L59N" failures="0" tests="1" name="module.launchapplication" time="14.294" errors="0" timestamp="31 Mar 2023 04:43:57 GMT">
  <testcase classname="module.launchapplication" name="TC1" time="14.294"/>
</testsuite> <!-- module.launchapplication -->
